Column: 0
Probable name: test

Number of values: 7
Number of filled values: 7
Filling rate: 100%
Number of distinct values: 7

% of numbers: 0%
% of valid moment: 0%

#########################################

Column: 1
Probable name: 1

Number of values: 7
Number of filled values: 6
Filling rate: 86%
Number of distinct values: 4

% of numbers: 100%
% of valid moment: 0%

#########################################

Column: 2
Probable name: 455.2

Number of values: 7
Number of filled values: 6
Filling rate: 86%
Number of distinct values: 3

% of numbers: 67%
% of valid moment: 17%

#########################################

Column: 3
Probable name: 10-10-10

Number of values: 7
Number of filled values: 5
Filling rate: 71%
Number of distinct values: 4

% of numbers: 0%
% of valid moment: 60%

#########################################

